0 info it worked if it ends with ok
1 verbose cli [ 'node', '/usr/local/bin/npm', 'run', 'prod' ]
2 info using npm@2.10.1
3 info using node@v0.12.4
4 verbose run-script [ 'preprod', 'prod', 'postprod' ]
5 info preprod test.react@1.0.0
6 info prod test.react@1.0.0
7 verbose unsafe-perm in lifecycle true
8 info test.react@1.0.0 Failed to exec prod script
9 verbose stack Error: test.react@1.0.0 prod: `MONGOLAB_URI=davyengone:getbetter2015@ds047652.mongolab.com:47652 GITHUB_CLIENT_ID=fa362ea98c5029cc94f7 GITHUB_CLIENT_SECRET=86d1260ec0f8c5992bddef93782c2bbdb8aad5b7 process.env.NODE_ENV=production nodemon server.js`
9 verbose stack spawn ENOENT
9 verbose stack     at ChildProcess.<anonymous> (/usr/local/lib/node_modules/npm/lib/utils/spawn.js:17:16)
9 verbose stack     at ChildProcess.emit (events.js:110:17)
9 verbose stack     at maybeClose (child_process.js:1015:16)
9 verbose stack     at Process.ChildProcess._handle.onexit (child_process.js:1087:5)
10 verbose pkgid test.react@1.0.0
11 verbose cwd /Users/davy/Documents/magicBox/philos/admission.philos.io
12 error Darwin 14.0.0
13 error argv "node" "/usr/local/bin/npm" "run" "prod"
14 error node v0.12.4
15 error npm  v2.10.1
16 error file sh
17 error code ELIFECYCLE
18 error errno ENOENT
19 error syscall spawn
20 error test.react@1.0.0 prod: `MONGOLAB_URI=davyengone:getbetter2015@ds047652.mongolab.com:47652 GITHUB_CLIENT_ID=fa362ea98c5029cc94f7 GITHUB_CLIENT_SECRET=86d1260ec0f8c5992bddef93782c2bbdb8aad5b7 process.env.NODE_ENV=production nodemon server.js`
20 error spawn ENOENT
21 error Failed at the test.react@1.0.0 prod script 'MONGOLAB_URI=davyengone:getbetter2015@ds047652.mongolab.com:47652 GITHUB_CLIENT_ID=fa362ea98c5029cc94f7 GITHUB_CLIENT_SECRET=86d1260ec0f8c5992bddef93782c2bbdb8aad5b7 process.env.NODE_ENV=production nodemon server.js'.
21 error This is most likely a problem with the test.react package,
21 error not with npm itself.
21 error Tell the author that this fails on your system:
21 error     MONGOLAB_URI=davyengone:getbetter2015@ds047652.mongolab.com:47652 GITHUB_CLIENT_ID=fa362ea98c5029cc94f7 GITHUB_CLIENT_SECRET=86d1260ec0f8c5992bddef93782c2bbdb8aad5b7 process.env.NODE_ENV=production nodemon server.js
21 error You can get their info via:
21 error     npm owner ls test.react
21 error There is likely additional logging output above.
22 verbose exit [ 1, true ]
